DEBUG:root:              precision    recall  f1-score   support

           0       0.09      0.07      0.08        14
           1       0.17      0.07      0.10        14
           2       0.05      0.08      0.06        12
           3       0.17      0.60      0.27        10
           4       0.09      0.17      0.11        12
           5       0.00      0.00      0.00        18
           6       0.00      0.00      0.00        24
           7       0.29      0.22      0.25        18
           8       0.11      0.06      0.08        17
           9       0.00      0.00      0.00        14
          10       0.10      0.13      0.11        15
          11       0.30      0.47      0.37        15
          12       0.05      0.14      0.08        14
          13       0.67      0.50      0.57        12
          14       0.00      0.00      0.00        13
          15       0.22      0.50      0.30        16
          16       0.22      0.12      0.16        16
          17       0.25      0.64      0.36        11
          18       0.33      0.11      0.16        19
          19       0.00      0.00      0.00        16
          20       0.23      0.25      0.24        12
          21       0.24      0.40      0.30        15
          22       0.11      0.05      0.07        19
          23       0.20      0.08      0.11        13
          24       0.42      0.33      0.37        15
          25       0.33      0.12      0.18        16
          26       0.17      0.06      0.09        16
          27       0.15      0.12      0.14        16
          28       0.31      0.31      0.31        13

    accuracy                           0.18       435
   macro avg       0.18      0.19      0.17       435
weighted avg       0.18      0.18      0.16       435

DEBUG:root:





DEBUG:root:[[1 0 2 1 2 0 2 1 0 0 0 0 1 0 1 0 2 1 0 0 0 0 0 0 0 0 0 0 0]
 [0 1 0 4 0 1 0 0 0 0 0 1 1 0 1 1 0 0 0 0 0 2 0 0 1 0 0 1 0]
 [1 1 1 0 0 1 0 0 0 0 0 1 2 0 2 0 1 0 0 0 1 0 0 1 0 0 0 0 0]
 [0 0 0 6 0 0 0 1 0 0 3 0 0 0 0 0 0 0 0 0 0 0 0 0 0 0 0 0 0]
 [2 0 0 0 2 1 0 0 0 0 0 0 0 0 0 0 0 2 0 0 1 1 0 0 0 0 0 2 1]
 [0 0 3 5 0 0 0 0 1 0 6 0 0 0 0 1 0 0 0 0 0 0 0 0 1 0 0 1 0]
 [0 1 3 5 0 2 0 0 0 0 3 0 4 0 1 3 0 1 0 0 0 0 0 1 0 0 0 0 0]
 [0 0 0 1 0 2 1 4 0 0 1 0 1 0 2 1 0 0 0 0 0 2 0 0 0 0 2 1 0]
 [1 0 0 0 1 2 0 2 1 1 1 1 1 0 0 0 0 3 0 1 0 1 0 0 1 0 0 0 0]
 [1 0 0 0 0 0 0 1 0 0 2 1 2 0 2 0 0 0 0 1 0 0 0 0 0 0 1 2 1]
 [0 0 0 0 1 0 0 0 2 0 2 4 1 1 0 0 0 2 0 0 0 2 0 0 0 0 0 0 0]
 [2 0 0 1 0 0 0 0 1 0 0 7 2 0 1 0 0 0 0 0 1 0 0 0 0 0 0 0 0]
 [0 1 0 0 0 2 0 0 0 0 0 2 2 0 0 3 1 0 0 0 2 1 0 0 0 0 0 0 0]
 [0 0 0 0 0 0 0 0 1 0 0 0 1 6 2 0 0 0 0 0 1 0 0 0 1 0 0 0 0]
 [0 0 1 0 0 0 0 1 0 0 0 3 2 2 0 0 1 0 1 0 1 0 0 0 0 0 0 1 0]
 [0 0 1 0 0 1 0 0 0 0 0 0 0 0 1 8 0 1 0 0 0 1 0 0 0 1 0 0 2]
 [1 1 1 2 1 0 0 1 1 2 1 1 0 0 1 0 2 0 0 0 1 0 0 0 0 0 0 0 0]
 [1 0 0 1 1 0 0 0 1 0 0 0 0 0 0 0 0 7 0 0 0 0 0 0 0 0 0 0 0]
 [0 0 1 0 6 0 0 0 0 0 0 0 0 0 0 1 0 7 2 0 0 0 0 0 0 0 0 1 1]
 [0 0 4 0 1 1 0 0 1 0 0 0 1 0 1 1 1 0 0 0 1 0 1 1 1 1 0 0 0]
 [0 0 0 1 4 0 0 0 0 0 0 0 1 0 0 0 0 0 0 1 3 1 1 0 0 0 0 0 0]
 [0 0 0 0 0 1 0 0 0 0 0 0 0 0 0 2 0 3 0 2 0 6 0 0 0 1 0 0 0]
 [0 0 1 2 0 0 0 1 0 0 0 1 2 0 0 4 1 0 0 0 0 1 1 1 0 1 0 1 2]
 [0 1 0 2 0 0 1 1 0 0 1 1 1 0 2 0 0 0 0 0 0 0 2 1 0 0 0 0 0]
 [0 0 0 1 0 0 0 0 0 0 0 0 3 0 0 2 0 1 0 0 1 0 1 0 5 0 1 0 0]
 [0 0 1 1 1 0 0 0 0 0 0 0 2 0 2 4 0 0 0 0 0 0 0 0 1 2 1 0 1]
 [1 0 0 1 2 0 0 0 0 0 0 0 3 0 0 2 0 0 0 2 0 1 1 0 0 0 1 1 1]
 [0 0 0 0 1 0 0 1 0 0 0 0 3 0 0 2 0 0 3 0 0 3 0 0 1 0 0 2 0]
 [0 0 0 1 0 0 0 0 0 0 0 0 1 0 0 2 0 0 0 0 0 3 2 0 0 0 0 0 4]]
